
color 6,0
cls
?"     ";
?"               AAA                  CCCCCCCCCCCCC   SSSSSSSSSSSSSSS 
?"     ";
?"              A:::A              CCC::::::::::::C SS:::::::::::::::S
?"     ";
?"             A:::::A           CC:::::::::::::::CS:::::SSSSSS::::::S
?"     ";
?"            A:::::::A         C:::::CCCCCCCC::::CS:::::S     SSSSSSS
?"     ";
?"           A:::::::::A       C:::::C       CCCCCCS:::::S            
?"     ";
?"          A:::::A:::::A     C:::::C              S:::::S            
?"     ";
?"         A:::::A A:::::A    C:::::C               S::::SSSS         
?"     ";
?"        A:::::A   A:::::A   C:::::C                SS::::::SSSSS    
?"     ";
?"       A:::::A     A:::::A  C:::::C                  SSS::::::::SS  
?"     ";
?"      A:::::AAAAAAAAA:::::A C:::::C                     SSSSSS::::S 
?"     ";
?"     A:::::::::::::::::::::AC:::::C                          S:::::S
?"     ";
?"    A:::::AAAAAAAAAAAAA:::::AC:::::C       CCCCCC            S:::::S
?"     ";
?"   A:::::A             A:::::AC:::::CCCCCCCC::::CSSSSSSS     S:::::S
?"     ";
?"  A:::::A               A:::::ACC:::::::::::::::CS::::::SSSSSS:::::S
?"     ";
?" A:::::A                 A:::::A CCC::::::::::::CS:::::::::::::::SS 
?"     ";
?"AAAAAAA                   AAAAAAA   CCCCCCCCCCCCC SSSSSSSSSSSSSSS   
?""
?""
?"     ";
?":::::::::  :::   ::: ::::::: :::      :::::::::  :::::::: ::::::::: 
?"     ";
?":+:    :+: :+:   :+:   :+:   :+:      :+:    :+: :+:      :+:    :+:
?"     ";
?"+:+    +:+ +:+   +:+   +:+   +:+      +:+    +:+ +:+      +:+    +:+
?"     ";
?"+#++:++#+  +#+   +:+   +#+   +#+      +#+    +:+ +#+:+#   +#++:++#: 
?"     ";
?"+#+    +#+ +#+   +#+   +#+   +#+      +#+    +#+ +#+      +#+    +#+
?"     ";
?"#+#    #+# #+#   #+#   #+#   #+#      #+#    #+# #+#      #+#    #+#
?"     ";
?"#########   #######  ####### ######## #########  ######## ###    ###
